<?xml version="1.0" encoding="UTF-8"?>
<!-- Generated by org.testng.reporters.JUnitReportReporter -->
<testsuite skipped="0" hostname="Lenovo-PC" name="Tests.PostsTests" tests="2" failures="0" timestamp="15 Jun 2019 02:25:24 GMT" time="55.563" errors="0">
  <testcase name="editPosts" time="22.756" classname="Tests.PostsTests"/>
  <testcase name="createPosts" time="32.807" classname="Tests.PostsTests"/>
</testsuite> <!-- Tests.PostsTests -->
