<?xml version="1.0" encoding="UTF-8"?>
<!-- Generated by org.testng.reporters.JUnitReportReporter -->
<testsuite skipped="0" hostname="Lenovo-PC" name="Tests.LoginTests" tests="2" failures="0" timestamp="15 Jun 2019 02:25:24 GMT" time="47.051" errors="0">
  <testcase name="userCannotLogin" time="23.350" classname="Tests.LoginTests"/>
  <testcase name="userCanLogin" time="23.701" classname="Tests.LoginTests"/>
</testsuite> <!-- Tests.LoginTests -->
